{
  "stats": {
    "suites": 2,
    "tests": 3,
    "passes": 2,
    "pending": 0,
    "failures": 1,
    "testsRegistered": 3,
    "passPercent": 66.66666666666667,
    "pendingPercent": 0,
    "other": 0,
    "hasOther": false,
    "skipped": 0,
    "hasSkipped": false,
    "start": "2024-04-05T00:21:15.179Z",
    "end": "2024-04-05T00:21:23.372Z",
    "duration": 8193
  },
  "results": [
    {
      "uuid": "fd0f5346-e529-42eb-ad63-f6479870c8e5",
      "title": "",
      "fullFile": "cypress\\e2e\\categoriesTest.cy.js",
      "file": "cypress\\e2e\\categoriesTest.cy.js",
      "beforeHooks": [],
      "afterHooks": [],
      "tests": [],
      "suites": [
        {
          "uuid": "772117ce-a20d-49bc-9b2b-17b255f1a06a",
          "title": "Categories",
          "fullFile": "",
          "file": "",
          "beforeHooks": [],
          "afterHooks": [],
          "tests": [
            {
              "title": "Validação categoria Shoes",
              "fullTitle": "Categories Validação categoria Shoes",
              "timedOut": null,
              "duration": 2741,
              "state": "passed",
              "speed": "fast",
              "pass": true,
              "fail": false,
              "pending": false,
              "context": null,
              "code": "homePage.openSearchProduct();\nhomePage.openCategoriesFilter();\nhomePage.categories().should('contain.text', category.name);",
              "err": {},
              "uuid": "ae981a35-78aa-4136-8fea-e9348786c488",
              "parentUUID": "772117ce-a20d-49bc-9b2b-17b255f1a06a",
              "isHook": false,
              "skipped": false
            },
            {
              "title": "Validação categoria Clothes",
              "fullTitle": "Categories Validação categoria Clothes",
              "timedOut": null,
              "duration": 1672,
              "state": "passed",
              "speed": "fast",
              "pass": true,
              "fail": false,
              "pending": false,
              "context": null,
              "code": "homePage.openSearchProduct();\nhomePage.openCategoriesFilter();\nhomePage.categories().should('contain.text', category.name);",
              "err": {},
              "uuid": "1d26ccf4-b8c3-4df0-84be-e49db820411e",
              "parentUUID": "772117ce-a20d-49bc-9b2b-17b255f1a06a",
              "isHook": false,
              "skipped": false
            }
          ],
          "suites": [],
          "passes": [
            "ae981a35-78aa-4136-8fea-e9348786c488",
            "1d26ccf4-b8c3-4df0-84be-e49db820411e"
          ],
          "failures": [],
          "pending": [],
          "skipped": [],
          "duration": 4413,
          "root": false,
          "rootEmpty": false,
          "_timeout": 2000
        }
      ],
      "passes": [],
      "failures": [],
      "pending": [],
      "skipped": [],
      "duration": 0,
      "root": true,
      "rootEmpty": true,
      "_timeout": 2000
    },
    {
      "uuid": "e329a3fa-19ff-4100-a3b6-2004e3f9f97b",
      "title": "",
      "fullFile": "cypress\\e2e\\searchListTest.cy.js",
      "file": "cypress\\e2e\\searchListTest.cy.js",
      "beforeHooks": [],
      "afterHooks": [],
      "tests": [],
      "suites": [
        {
          "uuid": "7dd00d35-ab75-4b8d-a13a-46976a02d953",
          "title": "List Products",
          "fullFile": "",
          "file": "",
          "beforeHooks": [],
          "afterHooks": [],
          "tests": [
            {
              "title": "should search product",
              "fullTitle": "List Products should search product",
              "timedOut": null,
              "duration": 2152,
              "state": "failed",
              "speed": null,
              "pass": false,
              "fail": true,
              "pending": false,
              "context": null,
              "code": "homePage.openSearchProduct();\nhomePage.searchProduct('in');\nhomePage.products().should('have.length.greaterThan', 0);\nhomePage.products().each(product => {\n  let price = product.find('[data-testid=\"price\"]').text();\n  expect(price).to.contain('R$');\n});",
              "err": {
                "message": "TypeError: homePage.searchProduct is not a function",
                "estack": "TypeError: homePage.searchProduct is not a function\n    at Context.eval (webpack://cy-intercept/./cypress/e2e/searchListTest.cy.js:15:17)",
                "diff": null
              },
              "uuid": "7f0e18d4-dacd-4fef-b9d5-c57dfbc57567",
              "parentUUID": "7dd00d35-ab75-4b8d-a13a-46976a02d953",
              "isHook": false,
              "skipped": false
            }
          ],
          "suites": [],
          "passes": [],
          "failures": [
            "7f0e18d4-dacd-4fef-b9d5-c57dfbc57567"
          ],
          "pending": [],
          "skipped": [],
          "duration": 2152,
          "root": false,
          "rootEmpty": false,
          "_timeout": 2000
        }
      ],
      "passes": [],
      "failures": [],
      "pending": [],
      "skipped": [],
      "duration": 0,
      "root": true,
      "rootEmpty": true,
      "_timeout": 2000
    }
  ],
  "meta": {
    "mocha": {
      "version": "7.0.1"
    },
    "mochawesome": {
      "options": {
        "quiet": false,
        "reportFilename": "[name]-result",
        "saveHtml": true,
        "saveJson": true,
        "consoleReporter": "spec",
        "useInlineDiffs": false,
        "code": true
      },
      "version": "7.1.3"
    },
    "marge": {
      "options": {
        "reportFilename": "[name]-result",
        "html": true
      },
      "version": "6.2.0"
    }
  }
}