{
  "stats": {
    "suites": 1,
    "tests": 1,
    "passes": 0,
    "pending": 0,
    "failures": 1,
    "start": "2024-04-05T00:21:21.170Z",
    "end": "2024-04-05T00:21:23.372Z",
    "duration": 2202,
    "testsRegistered": 1,
    "passPercent": 0,
    "pendingPercent": 0,
    "other": 0,
    "hasOther": false,
    "skipped": 0,
    "hasSkipped": false
  },
  "results": [
    {
      "uuid": "e329a3fa-19ff-4100-a3b6-2004e3f9f97b",
      "title": "",
      "fullFile": "cypress\\e2e\\searchListTest.cy.js",
      "file": "cypress\\e2e\\searchListTest.cy.js",
      "beforeHooks": [],
      "afterHooks": [],
      "tests": [],
      "suites": [
        {
          "uuid": "7dd00d35-ab75-4b8d-a13a-46976a02d953",
          "title": "List Products",
          "fullFile": "",
          "file": "",
          "beforeHooks": [],
          "afterHooks": [],
          "tests": [
            {
              "title": "should search product",
              "fullTitle": "List Products should search product",
              "timedOut": null,
              "duration": 2152,
              "state": "failed",
              "speed": null,
              "pass": false,
              "fail": true,
              "pending": false,
              "context": null,
              "code": "homePage.openSearchProduct();\nhomePage.searchProduct('in');\nhomePage.products().should('have.length.greaterThan', 0);\nhomePage.products().each(product => {\n  let price = product.find('[data-testid=\"price\"]').text();\n  expect(price).to.contain('R$');\n});",
              "err": {
                "message": "TypeError: homePage.searchProduct is not a function",
                "estack": "TypeError: homePage.searchProduct is not a function\n    at Context.eval (webpack://cy-intercept/./cypress/e2e/searchListTest.cy.js:15:17)",
                "diff": null
              },
              "uuid": "7f0e18d4-dacd-4fef-b9d5-c57dfbc57567",
              "parentUUID": "7dd00d35-ab75-4b8d-a13a-46976a02d953",
              "isHook": false,
              "skipped": false
            }
          ],
          "suites": [],
          "passes": [],
          "failures": [
            "7f0e18d4-dacd-4fef-b9d5-c57dfbc57567"
          ],
          "pending": [],
          "skipped": [],
          "duration": 2152,
          "root": false,
          "rootEmpty": false,
          "_timeout": 2000
        }
      ],
      "passes": [],
      "failures": [],
      "pending": [],
      "skipped": [],
      "duration": 0,
      "root": true,
      "rootEmpty": true,
      "_timeout": 2000
    }
  ],
  "meta": {
    "mocha": {
      "version": "7.0.1"
    },
    "mochawesome": {
      "options": {
        "quiet": false,
        "reportFilename": "[name]-result",
        "saveHtml": true,
        "saveJson": true,
        "consoleReporter": "spec",
        "useInlineDiffs": false,
        "code": true
      },
      "version": "7.1.3"
    },
    "marge": {
      "options": {
        "reportFilename": "[name]-result",
        "html": true
      },
      "version": "6.2.0"
    }
  }
}